<?xml version="1.0" encoding="UTF-8"?>
<!-- Generated by org.testng.reporters.JUnitReportReporter -->
<testsuite hostname="raktbeej" failures="0" tests="1" name="annoo.pack.anno3" time="0.003" errors="0" timestamp="2025-09-08T13:09:00 IST" skipped="0">
  <testcase classname="annoo.pack.anno3" name="pqr" time="0.003"/>
</testsuite> <!-- annoo.pack.anno3 -->
