<?xml version="1.0" encoding="UTF-8"?>
<!-- Generated by org.testng.reporters.JUnitReportReporter -->
<testsuite hostname="raktbeej" failures="0" tests="3" name="Testngfirst" time="0.027" errors="0" timestamp="2025-09-04T22:16:59 IST" skipped="0">
  <testcase classname="Testngfirst" name="openapp" time="0.022"/>
  <testcase classname="Testngfirst" name="login" time="0.002"/>
  <testcase classname="Testngfirst" name="logout" time="0.003"/>
</testsuite> <!-- Testngfirst -->
