<?xml version="1.0" encoding="UTF-8"?>
<!-- Generated by org.testng.reporters.JUnitReportReporter -->
<testsuite hostname="raktbeej" failures="0" tests="2" name="Annotations" time="0.035" errors="0" timestamp="2025-09-08T10:04:18 IST" skipped="0">
  <testcase classname="Annotations" name="search" time="0.016"/>
  <testcase classname="Annotations" name="advsearch" time="0.019"/>
</testsuite> <!-- Annotations -->
