<?xml version="1.0" encoding="UTF-8"?>
<!-- Generated by org.testng.reporters.JUnitReportReporter -->
<testsuite hostname="raktbeej" failures="0" tests="1" name="annoo.pack.anno1" time="0.005" errors="0" timestamp="2025-09-08T13:09:00 IST" skipped="0">
  <testcase classname="annoo.pack.anno1" name="abc" time="0.005"/>
</testsuite> <!-- annoo.pack.anno1 -->
